Removed Pin From Net: NetName=3V3 Pin=U2-4
Removed Pin From Net: NetName=RXD0_1 Pin=UART1-1
Removed Pin From Net: NetName=TXD0_1 Pin=UART1-2
Removed Pin From Net: NetName=GND Pin=UART1-3
Removed Pin From Net: NetName=3V3 Pin=UART1-4
Removed Member From Class: ClassName=Sheet1 Member=UART1
Added Component: Designator=UART(Header4)
Add component (AddParameter): Name = "ComponentLink1 Description"; Value = "Manufacturer"; VariantName = "[No Variations]"
Add component (AddParameter): Name = "ComponentLink1URL"; Value = "http://www.we-online.com"; VariantName = "[No Variations]"
Add component (AddParameter): Name = "ComponentLink2 Description"; Value = "Datasheet"; VariantName = "[No Variations]"
Add component (AddParameter): Name = "ComponentLink2URL"; Value = "http://katalog.we-online.de/em/datasheet/6130xx143121.pdf"; VariantName = "[No Variations]"
Add component (AddParameter): Name = "Created by"; Value = "Karrer Zheng"; VariantName = "[No Variations]"
Add component (AddParameter): Name = "Created Date"; Value = "29 March 2013"; VariantName = "[No Variations]"
Add component (AddParameter): Name = "Manufacturer"; Value = "W¨¹rth Elektronik eiSos GmbH"; VariantName = "[No Variations]"
Add component (AddParameter): Name = "NoPins"; Value = "02"; VariantName = "[No Variations]"
Add component (AddParameter): Name = "partNo"; Value = "613002143121"; VariantName = "[No Variations]"
Added Pin To Net: NetName=TXD0_1 Pin=UART-1
Added Pin To Net: NetName=RXD0_1 Pin=UART-2
Added Pin To Net: NetName=GND Pin=UART-3
Added Pin To Net: NetName=3V3 Pin=UART-4
Added Member To Class: ClassName=Sheet1 Member=Component RL1 RELAY 5A
Added Member To Class: ClassName=Sheet1 Member=Component RL2 RELAY 5A
Added Member To Class: ClassName=Sheet1 Member=Component RL3 RELAY 5A
Added Member To Class: ClassName=Sheet1 Member=Component UART Header4
