Removed Pin From Net: NetName=NetU5_1 Pin=U5-1
Removed Pin From Net: NetName=GND Pin=U5-2
Removed Pin From Net: NetName=GND Pin=U5-3
Removed Pin From Net: NetName=NetU1_1 Pin=U5-4
Removed Pin From Net: NetName=NetU1_3 Pin=U5-5
Removed Pin From Net: NetName=B- Pin=U5-6
Removed Pin From Net: NetName=B- Pin=U5-7
Removed Pin From Net: NetName=NetU5_1 Pin=U5-8
Added Component: Designator=U5(TSSOP-8)
Add component (AddParameter): Name = "Availability"; Value = "Unavailable"; VariantName = "[No Variations]"
Add component (AddParameter): Name = "MF"; Value = ""; VariantName = "[No Variations]"
Add component (AddParameter): Name = "MP"; Value = "M24C64-DFDW6TP"; VariantName = "[No Variations]"
Add component (AddParameter): Name = "Package"; Value = "None"; VariantName = "[No Variations]"
Add component (AddParameter): Name = "Price"; Value = "None"; VariantName = "[No Variations]"
Add component (AddParameter): Name = "Value"; Value = ""; VariantName = "[No Variations]"
Added Pin To Net: NetName=NetU5_1 Pin=U5-1
Added Pin To Net: NetName=B- Pin=U5-2
Added Pin To Net: NetName=B- Pin=U5-3
Added Pin To Net: NetName=NetU1_1 Pin=U5-4
Added Pin To Net: NetName=NetU1_3 Pin=U5-5
Added Pin To Net: NetName=GND Pin=U5-6
Added Pin To Net: NetName=GND Pin=U5-7
Added Pin To Net: NetName=NetU5_1 Pin=U5-8
