Change Component Designator: OldDesignator=BLUE? NewDesignator=BLUE1
Change Component Designator: OldDesignator=C? NewDesignator=C2
Change Component Designator: OldDesignator=C? NewDesignator=C9
Change Component Designator: OldDesignator=C? NewDesignator=C10
Change Component Designator: OldDesignator=C? NewDesignator=C11
Change Component Designator: OldDesignator=C? NewDesignator=C12
Change Component Designator: OldDesignator=C? NewDesignator=C13
Change Component Designator: OldDesignator=C? NewDesignator=C14
Change Component Designator: OldDesignator=C? NewDesignator=C15
Change Component Designator: OldDesignator=C? NewDesignator=C16
Change Component Designator: OldDesignator=C? NewDesignator=C17
Change Component Designator: OldDesignator=D? NewDesignator=D2
Change Component Designator: OldDesignator=PWR LED? NewDesignator=PWR LED1
Change Component Designator: OldDesignator=R? NewDesignator=R3
Change Component Designator: OldDesignator=R? NewDesignator=R4
Change Component Designator: OldDesignator=R? NewDesignator=R8
Change Component Designator: OldDesignator=R? NewDesignator=R9
Change Component Designator: OldDesignator=R? NewDesignator=R10
Change Component Designator: OldDesignator=R? NewDesignator=R11
Change Component Designator: OldDesignator=R? NewDesignator=R12
Change Component Designator: OldDesignator=R? NewDesignator=R13
Change Component Designator: OldDesignator=R? NewDesignator=R14
Change Component Designator: OldDesignator=R? NewDesignator=R15
Change Component Designator: OldDesignator=RED? NewDesignator=RED1
Change Component Designator: OldDesignator=T? NewDesignator=T1
Change Component Designator: OldDesignator=T? NewDesignator=T2
Change Component Designator: OldDesignator=U? NewDesignator=U1
Change Component Designator: OldDesignator=U? NewDesignator=U4
Change Component Designator: OldDesignator=U? NewDesignator=U5
Change Net Name : Old Net Name=NetBLUE?_1 New Net Name=NetBLUE1_1
Change Net Name : Old Net Name=NetBLUE?_2 New Net Name=NetBLUE1_2
Change Net Name : Old Net Name=NetC?_2 New Net Name=NetC15_2
Change Net Name : Old Net Name=NetD?_1 New Net Name=NetD2_1
Change Net Name : Old Net Name=NetPWR LED?_1 New Net Name=NetPWR LED1_1
Change Net Name : Old Net Name=NetR?_1 New Net Name=NetR13_1
Change Net Name : Old Net Name=NetRED?_2 New Net Name=NetRED1_2
Change Net Name : Old Net Name=NetU?_1 New Net Name=NetU1_1
Change Net Name : Old Net Name=NetU?_3 New Net Name=NetU1_3
Added Pin To Net: NetName=NetR14_1 Pin=R14-1
Added Pin To Net: NetName=NetR14_1 Pin=U1-2
Added Net: Name=NetR14_1
Added Pin To Net: NetName=NetR15_1 Pin=R15-1
Added Pin To Net: NetName=NetR15_1 Pin=U4-2
Added Net: Name=NetR15_1
Added Pin To Net: NetName=NetU5_1 Pin=U5-1
Added Pin To Net: NetName=NetU5_1 Pin=U5-8
Added Net: Name=NetU5_1
Added Member To Class: ClassName=Node_Sensor_Schematic Member=Component C2 100nF
Added Member To Class: ClassName=Node_Sensor_Schematic Member=Component C9 CAP_TANTALUM_SMD
Added Member To Class: ClassName=Node_Sensor_Schematic Member=Component C11 100nF
Added Member To Class: ClassName=Node_Sensor_Schematic Member=Component C12 100nF
Added Member To Class: ClassName=Node_Sensor_Schematic Member=Component C13 100nF
Added Member To Class: ClassName=Node_Sensor_Schematic Member=Component C14 100nF
Added Member To Class: ClassName=Node_Sensor_Schematic Member=Component C15 100nF
Added Member To Class: ClassName=Node_Sensor_Schematic Member=Component C16 10uF
Added Member To Class: ClassName=Node_Sensor_Schematic Member=Component C17 100nF
Added Member To Class: ClassName=Node_Sensor_Schematic Member=Component R3 10K
Added Member To Class: ClassName=Node_Sensor_Schematic Member=Component R4 10K
Added Member To Class: ClassName=Node_Sensor_Schematic Member=Component R8 10K
Added Member To Class: ClassName=Node_Sensor_Schematic Member=Component R9 10K
Added Member To Class: ClassName=Node_Sensor_Schematic Member=Component R10 1.5K
Added Member To Class: ClassName=Node_Sensor_Schematic Member=Component R11 1K
Added Member To Class: ClassName=Node_Sensor_Schematic Member=Component R12 1K
Added Member To Class: ClassName=Node_Sensor_Schematic Member=Component R13 1K
Added Member To Class: ClassName=Node_Sensor_Schematic Member=Component R14 1K
Added Member To Class: ClassName=Node_Sensor_Schematic Member=Component T2 Test Solder
Added Member To Class: ClassName=Node_Sensor_Schematic Member=Component U1 DW01A
Added Member To Class: ClassName=Node_Sensor_Schematic Member=Component U5 FS8025A
